2024-02-16 15:18:06,562 |INFO| Request No. 0 completed.
2024-02-16 15:18:06,562 |INFO| Request No. 1 completed.
2024-02-16 15:18:06,562 |INFO| Request No. 2 completed.
2024-02-16 15:18:06,562 |INFO| Request No. 3 completed.
2024-02-16 15:18:06,562 |INFO| Request No. 4 completed.
2024-02-16 15:18:06,562 |INFO| Request No. 5 completed.
2024-02-16 15:18:06,562 |INFO| Request No. 6 completed.
2024-02-16 15:18:06,562 |INFO| Request No. 7 completed.
2024-02-16 15:18:06,562 |INFO| Request No. 8 completed.
2024-02-16 15:18:06,562 |INFO| Request No. 9 completed.
2024-02-16 15:18:06,562 |INFO| Request No. 10 completed.
2024-02-16 15:18:06,562 |INFO| Request No. 11 completed.
2024-02-16 15:18:06,562 |INFO| Request No. 12 completed.
2024-02-16 15:18:06,562 |INFO| Request No. 13 completed.
2024-02-16 15:18:06,562 |INFO| Request No. 14 completed.
2024-02-16 15:18:06,562 |INFO| Request No. 15 completed.
2024-02-16 15:18:06,562 |INFO| Request No. 16 completed.
2024-02-16 15:18:06,562 |INFO| Request No. 17 completed.
2024-02-16 15:18:06,564 |INFO| Request No. 18 completed.
2024-02-16 15:18:06,564 |INFO| Request No. 19 completed.
2024-02-16 15:18:06,564 |INFO| Request No. 20 completed.
2024-02-16 15:18:06,564 |INFO| Request No. 21 completed.
2024-02-16 15:18:06,564 |INFO| Request No. 22 completed.
2024-02-16 15:18:06,564 |INFO| Request No. 23 completed.
2024-02-16 15:18:06,564 |INFO| Request No. 24 completed.
2024-02-16 15:18:06,564 |INFO| Request No. 25 completed.
2024-02-16 15:18:06,564 |INFO| Request No. 0 completed.
2024-02-16 15:18:06,564 |INFO| Request No. 1 completed.
2024-02-16 15:18:06,564 |INFO| Request No. 2 completed.
2024-02-16 15:18:06,564 |INFO| Request No. 3 completed.
2024-02-16 15:18:06,564 |INFO| Request No. 4 completed.
2024-02-16 15:18:06,564 |INFO| Request No. 5 completed.
2024-02-16 15:18:06,564 |INFO| Request No. 6 completed.
2024-02-16 15:18:06,564 |INFO| Request No. 7 completed.
2024-02-16 15:18:06,564 |INFO| Request No. 8 completed.
2024-02-16 15:18:06,564 |INFO| Request No. 9 completed.
2024-02-16 15:18:06,564 |INFO| Request No. 10 completed.
2024-02-16 15:18:06,564 |INFO| Request No. 11 completed.
2024-02-16 15:18:06,564 |INFO| Request No. 12 completed.
2024-02-16 15:18:06,564 |INFO| Request No. 13 completed.
2024-02-16 15:18:06,567 |INFO| Request No. 14 completed.
2024-02-16 15:18:06,567 |INFO| Request No. 15 completed.
2024-02-16 15:18:06,567 |INFO| Request No. 16 completed.
2024-02-16 15:18:06,567 |INFO| Request No. 17 completed.
2024-02-16 15:18:06,567 |INFO| Request No. 18 completed.
2024-02-16 15:18:06,567 |INFO| Request No. 19 completed.
2024-02-16 15:18:06,567 |INFO| Request No. 20 completed.
2024-02-16 15:18:06,567 |INFO| Request No. 21 completed.
2024-02-16 15:18:06,567 |INFO| Request No. 22 completed.
2024-02-16 15:18:06,567 |INFO| Request No. 23 completed.
2024-02-16 15:18:06,567 |INFO| Request No. 24 completed.
2024-02-16 15:18:06,567 |INFO| Request No. 25 completed.
2024-02-16 15:18:06,567 |INFO| Request No. 0 completed.
2024-02-16 15:18:06,567 |INFO| Request No. 1 completed.
2024-02-16 15:18:06,567 |INFO| Request No. 2 completed.
2024-02-16 15:18:06,567 |INFO| Request No. 3 completed.
2024-02-16 15:18:06,567 |INFO| Request No. 4 completed.
2024-02-16 15:18:06,567 |INFO| Request No. 5 completed.
2024-02-16 15:18:06,567 |INFO| Request No. 6 completed.
2024-02-16 15:18:06,567 |INFO| Request No. 7 completed.
2024-02-16 15:18:06,567 |INFO| Request No. 8 completed.
2024-02-16 15:18:06,567 |INFO| Request No. 9 completed.
2024-02-16 15:18:06,567 |INFO| Request No. 10 completed.
2024-02-16 15:18:06,567 |INFO| Request No. 11 completed.
2024-02-16 15:18:06,567 |INFO| Request No. 12 completed.
2024-02-16 15:18:06,567 |INFO| Request No. 13 completed.
2024-02-16 15:18:06,567 |INFO| Request No. 14 completed.
2024-02-16 15:18:06,567 |INFO| Request No. 15 completed.
2024-02-16 15:18:06,567 |INFO| Request No. 16 completed.
2024-02-16 15:18:06,567 |INFO| Request No. 17 completed.
2024-02-16 15:18:06,567 |INFO| Request No. 18 completed.
2024-02-16 15:18:06,567 |INFO| Request No. 19 completed.
2024-02-16 15:18:06,567 |INFO| Request No. 20 completed.
2024-02-16 15:18:06,567 |INFO| Request No. 21 completed.
2024-02-16 15:18:06,567 |INFO| Request No. 22 completed.
2024-02-16 15:18:06,567 |INFO| Request No. 23 completed.
2024-02-16 15:18:06,567 |INFO| Request No. 24 completed.
2024-02-16 15:18:06,567 |INFO| Request No. 25 completed.
2024-02-16 15:18:07,936 |INFO| Now will upload to R2
2024-02-16 15:18:08,537 |ERROR| Request for https://www.google.com/complete/search?q=z&client=chrome&hl=de-DE failed. Reason: 'BUCKET_NAME'
2024-02-16 15:18:08,546 |INFO| Now will upload to R2
2024-02-16 15:18:08,565 |ERROR| Request for https://www.google.com/complete/search?q=z&client=chrome&hl=fr-FR failed. Reason: 'BUCKET_NAME'
2024-02-16 15:18:08,948 |INFO| Now will upload to R2
2024-02-16 15:18:08,998 |ERROR| Request for https://www.google.com/complete/search?q=z&client=chrome&hl=en-IN failed. Reason: 'BUCKET_NAME'
